{"name": "Login with invalid credentials", "status": "broken", "statusDetails": {"message": "selenium.common.exceptions.TimeoutException: Message: \nStacktrace:\nNoSuchElementError: An element could not be located on the page using the given search parameters.\n    at AndroidUiautomator2Driver.findElOrEls (/Users/remi/.appium/node_modules/appium-uiautomator2-driver/node_modules/appium-android-driver/build/lib/commands/find.js:62:15)\n    at process.processTicksAndRejections (node:internal/process/task_queues:104:5)\n    at async AndroidUiautomator2Driver.findElOrElsWithProcessing (/opt/homebrew/lib/node_modules/appium/node_modules/@appium/base-driver/build/lib/basedriver/commands/find.js:12:16)\n    at async AndroidUiautomator2Driver.findElement (/opt/homebrew/lib/node_modules/appium/node_modules/@appium/base-driver/build/lib/basedriver/commands/find.js:27:16)", "trace": "tests/test_login.py:73: in test_login_invalid_credentials\n    error_text = login_page.get_error_message()\n                 ^^^^^^^^^^^^^^^^^^^^^^^^^^^^^^\nsrc/pages/login_page.py:46: in get_error_message\n    return self.get_text(self.ERROR_MESSAGE, **kwargs)\n           ^^^^^^^^^^^^^^^^^^^^^^^^^^^^^^^^^^^^^^^^^^^\nsrc/pages/base_page.py:57: in get_text\n    element = self.find_element(locator, timeout)\n              ^^^^^^^^^^^^^^^^^^^^^^^^^^^^^^^^^^^\nsrc/pages/base_page.py:41: in find_element\n    return wait.until(EC.presence_of_element_located(locator))\n           ^^^^^^^^^^^^^^^^^^^^^^^^^^^^^^^^^^^^^^^^^^^^^^^^^^^\n.venv/lib/python3.13/site-packages/selenium/webdriver/support/wait.py:121: in until\n    raise TimeoutException(message, screen, stacktrace)\nE   selenium.common.exceptions.TimeoutException: Message: \nE   Stacktrace:\nE   NoSuchElementError: An element could not be located on the page using the given search parameters.\nE       at AndroidUiautomator2Driver.findElOrEls (/Users/remi/.appium/node_modules/appium-uiautomator2-driver/node_modules/appium-android-driver/build/lib/commands/find.js:62:15)\nE       at process.processTicksAndRejections (node:internal/process/task_queues:104:5)\nE       at async AndroidUiautomator2Driver.findElOrElsWithProcessing (/opt/homebrew/lib/node_modules/appium/node_modules/@appium/base-driver/build/lib/basedriver/commands/find.js:12:16)\nE       at async AndroidUiautomator2Driver.findElement (/opt/homebrew/lib/node_modules/appium/node_modules/@appium/base-driver/build/lib/basedriver/commands/find.js:27:16)"}, "description": "Verify that invalid credentials show an error and remain on the login screen.", "steps": [{"name": "Set up WireMock stub for failed login", "status": "passed", "start": 1770101530767, "stop": 1770101530777}, {"name": "Attempt login as 'invalid_user'", "status": "passed", "start": 1770101530777, "stop": 1770101534805}, {"name": "Verify error message is displayed", "status": "broken", "statusDetails": {"message": "selenium.common.exceptions.TimeoutException: Message: \nStacktrace:\nNoSuchElementError: An element could not be located on the page using the given search parameters.\n    at AndroidUiautomator2Driver.findElOrEls (/Users/remi/.appium/node_modules/appium-uiautomator2-driver/node_modules/appium-android-driver/build/lib/commands/find.js:62:15)\n    at process.processTicksAndRejections (node:internal/process/task_queues:104:5)\n    at async AndroidUiautomator2Driver.findElOrElsWithProcessing (/opt/homebrew/lib/node_modules/appium/node_modules/@appium/base-driver/build/lib/basedriver/commands/find.js:12:16)\n    at async AndroidUiautomator2Driver.findElement (/opt/homebrew/lib/node_modules/appium/node_modules/@appium/base-driver/build/lib/basedriver/commands/find.js:27:16)\n", "trace": "  File \"/Users/remi/.openclaw/workspace/RemiTA/tests/test_login.py\", line 73, in test_login_invalid_credentials\n    error_text = login_page.get_error_message()\n  File \"/Users/remi/.openclaw/workspace/RemiTA/src/pages/login_page.py\", line 46, in get_error_message\n    return self.get_text(self.ERROR_MESSAGE, **kwargs)\n           ~~~~~~~~~~~~~^^^^^^^^^^^^^^^^^^^^^^^^^^^^^^\n  File \"/Users/remi/.openclaw/workspace/RemiTA/src/pages/base_page.py\", line 57, in get_text\n    element = self.find_element(locator, timeout)\n  File \"/Users/remi/.openclaw/workspace/RemiTA/src/pages/base_page.py\", line 41, in find_element\n    return wait.until(EC.presence_of_element_located(locator))\n           ~~~~~~~~~~^^^^^^^^^^^^^^^^^^^^^^^^^^^^^^^^^^^^^^^^^\n  File \"/Users/remi/.openclaw/workspace/RemiTA/.venv/lib/python3.13/site-packages/selenium/webdriver/support/wait.py\", line 121, in until\n    raise TimeoutException(message, screen, stacktrace)\n"}, "start": 1770101534805, "stop": 1770101555491}], "attachments": [{"name": "failure_tests_test_login.py_TestLogin_test_login_invalid_credentials[sdk_gphone64_arm64].png", "source": "b13e6d6b-33fe-499c-bcfb-73a6a97c897f-attachment.png", "type": "image/png"}], "parameters": [{"name": "device_info", "value": "DeviceInfo(serial='emulator-5554', platform='android', device_name='sdk gphone64 arm64', platform_version='14', is_emulator=True, model='sdk_gphone64_arm64', manufacturer='Google', extra={})"}], "start": 1770101530767, "stop": 1770101555493, "uuid": "4a1f8e3a-ff13-482b-a4e8-cae327fb80b0", "historyId": "acfcbff43af786d14a61291981b63340", "testCaseId": "d367953754337ef0c932987eb9b35947", "fullName": "tests.test_login.TestLogin#test_login_invalid_credentials", "labels": [{"name": "severity", "value": "critical"}, {"name": "feature", "value": "Login"}, {"name": "epic", "value": "Authentication"}, {"name": "story", "value": "Failed Login"}, {"name": "tag", "value": "regression"}, {"name": "tag", "value": "smoke"}, {"name": "parentSuite", "value": "tests"}, {"name": "suite", "value": "test_login"}, {"name": "subSuite", "value": "TestLogin"}, {"name": "host", "value": "Jeffs-Mac-mini.local"}, {"name": "thread", "value": "34808-MainThread"}, {"name": "framework", "value": "pytest"}, {"name": "language", "value": "cpython3"}, {"name": "package", "value": "tests.test_login"}], "titlePath": ["tests", "test_login.py", "TestLogin"]}