{"name": "Login with empty fields", "status": "broken", "statusDetails": {"message": "selenium.common.exceptions.TimeoutException: Message: \nStacktrace:\nNoSuchElementError: An element could not be located on the page using the given search parameters.\n    at AndroidUiautomator2Driver.findElOrEls (/Users/remi/.appium/node_modules/appium-uiautomator2-driver/node_modules/appium-android-driver/build/lib/commands/find.js:62:15)\n    at process.processTicksAndRejections (node:internal/process/task_queues:104:5)\n    at async AndroidUiautomator2Driver.findElOrElsWithProcessing (/opt/homebrew/lib/node_modules/appium/node_modules/@appium/base-driver/build/lib/basedriver/commands/find.js:12:16)\n    at async AndroidUiautomator2Driver.findElement (/opt/homebrew/lib/node_modules/appium/node_modules/@appium/base-driver/build/lib/basedriver/commands/find.js:27:16)", "trace": "tests/test_login.py:91: in test_login_empty_fields\n    login_page.login(\"\", \"\")\nsrc/pages/login_page.py:36: in login\n    self.type_text(self.USERNAME_FIELD, username)\nsrc/pages/base_page.py:51: in type_text\n    element = self.find_element(locator, timeout)\n              ^^^^^^^^^^^^^^^^^^^^^^^^^^^^^^^^^^^\nsrc/pages/base_page.py:41: in find_element\n    return wait.until(EC.presence_of_element_located(locator))\n           ^^^^^^^^^^^^^^^^^^^^^^^^^^^^^^^^^^^^^^^^^^^^^^^^^^^\n.venv/lib/python3.13/site-packages/selenium/webdriver/support/wait.py:121: in until\n    raise TimeoutException(message, screen, stacktrace)\nE   selenium.common.exceptions.TimeoutException: Message: \nE   Stacktrace:\nE   NoSuchElementError: An element could not be located on the page using the given search parameters.\nE       at AndroidUiautomator2Driver.findElOrEls (/Users/remi/.appium/node_modules/appium-uiautomator2-driver/node_modules/appium-android-driver/build/lib/commands/find.js:62:15)\nE       at process.processTicksAndRejections (node:internal/process/task_queues:104:5)\nE       at async AndroidUiautomator2Driver.findElOrElsWithProcessing (/opt/homebrew/lib/node_modules/appium/node_modules/@appium/base-driver/build/lib/basedriver/commands/find.js:12:16)\nE       at async AndroidUiautomator2Driver.findElement (/opt/homebrew/lib/node_modules/appium/node_modules/@appium/base-driver/build/lib/basedriver/commands/find.js:27:16)"}, "description": "Verify that submitting empty fields triggers a validation error.", "steps": [{"name": "Tap login with empty credentials", "status": "broken", "statusDetails": {"message": "selenium.common.exceptions.TimeoutException: Message: \nStacktrace:\nNoSuchElementError: An element could not be located on the page using the given search parameters.\n    at AndroidUiautomator2Driver.findElOrEls (/Users/remi/.appium/node_modules/appium-uiautomator2-driver/node_modules/appium-android-driver/build/lib/commands/find.js:62:15)\n    at process.processTicksAndRejections (node:internal/process/task_queues:104:5)\n    at async AndroidUiautomator2Driver.findElOrElsWithProcessing (/opt/homebrew/lib/node_modules/appium/node_modules/@appium/base-driver/build/lib/basedriver/commands/find.js:12:16)\n    at async AndroidUiautomator2Driver.findElement (/opt/homebrew/lib/node_modules/appium/node_modules/@appium/base-driver/build/lib/basedriver/commands/find.js:27:16)\n", "trace": "  File \"/Users/remi/.openclaw/workspace/RemiTA/tests/test_login.py\", line 91, in test_login_empty_fields\n    login_page.login(\"\", \"\")\n    ~~~~~~~~~~~~~~~~^^^^^^^^\n  File \"/Users/remi/.openclaw/workspace/RemiTA/src/pages/login_page.py\", line 36, in login\n    self.type_text(self.USERNAME_FIELD, username)\n    ~~~~~~~~~~~~~~^^^^^^^^^^^^^^^^^^^^^^^^^^^^^^^\n  File \"/Users/remi/.openclaw/workspace/RemiTA/src/pages/base_page.py\", line 51, in type_text\n    element = self.find_element(locator, timeout)\n  File \"/Users/remi/.openclaw/workspace/RemiTA/src/pages/base_page.py\", line 41, in find_element\n    return wait.until(EC.presence_of_element_located(locator))\n           ~~~~~~~~~~^^^^^^^^^^^^^^^^^^^^^^^^^^^^^^^^^^^^^^^^^\n  File \"/Users/remi/.openclaw/workspace/RemiTA/.venv/lib/python3.13/site-packages/selenium/webdriver/support/wait.py\", line 121, in until\n    raise TimeoutException(message, screen, stacktrace)\n"}, "start": 1770101466602, "stop": 1770101487289}], "attachments": [{"name": "failure_tests_test_login.py_TestLogin_test_login_empty_fields[sdk_gphone64_arm64].png", "source": "0a1108f4-c494-44dd-95ad-f9129e006340-attachment.png", "type": "image/png"}], "parameters": [{"name": "device_info", "value": "DeviceInfo(serial='emulator-5554', platform='android', device_name='sdk gphone64 arm64', platform_version='14', is_emulator=True, model='sdk_gphone64_arm64', manufacturer='Google', extra={})"}], "start": 1770101466602, "stop": 1770101487290, "uuid": "23f80860-036c-4dac-b6d9-1d385f7539fb", "historyId": "191953efb420bd0e31a6e395f0bef983", "testCaseId": "6991097d02541bc978191de20f68cd67", "fullName": "tests.test_login.TestLogin#test_login_empty_fields", "labels": [{"name": "epic", "value": "Authentication"}, {"name": "severity", "value": "normal"}, {"name": "feature", "value": "Login"}, {"name": "story", "value": "Input Validation"}, {"name": "tag", "value": "regression"}, {"name": "parentSuite", "value": "tests"}, {"name": "suite", "value": "test_login"}, {"name": "subSuite", "value": "TestLogin"}, {"name": "host", "value": "Jeffs-Mac-mini.local"}, {"name": "thread", "value": "34583-MainThread"}, {"name": "framework", "value": "pytest"}, {"name": "language", "value": "cpython3"}, {"name": "package", "value": "tests.test_login"}], "titlePath": ["tests", "test_login.py", "TestLogin"]}