{"name": "Login with valid credentials", "status": "broken", "statusDetails": {"message": "selenium.common.exceptions.TimeoutException: Message: \nStacktrace:\nNoSuchElementError: An element could not be located on the page using the given search parameters.\n    at AndroidUiautomator2Driver.findElOrEls (/Users/remi/.appium/node_modules/appium-uiautomator2-driver/node_modules/appium-android-driver/build/lib/commands/find.js:62:15)\n    at process.processTicksAndRejections (node:internal/process/task_queues:104:5)\n    at async AndroidUiautomator2Driver.findElOrElsWithProcessing (/opt/homebrew/lib/node_modules/appium/node_modules/@appium/base-driver/build/lib/basedriver/commands/find.js:12:16)\n    at async AndroidUiautomator2Driver.findElement (/opt/homebrew/lib/node_modules/appium/node_modules/@appium/base-driver/build/lib/basedriver/commands/find.js:27:16)", "trace": "tests/test_login.py:44: in test_successful_login\n    login_page.login(VALID_USER.username, VALID_USER.password)\nsrc/pages/login_page.py:36: in login\n    self.type_text(self.USERNAME_FIELD, username)\nsrc/pages/base_page.py:51: in type_text\n    element = self.find_element(locator, timeout)\n              ^^^^^^^^^^^^^^^^^^^^^^^^^^^^^^^^^^^\nsrc/pages/base_page.py:41: in find_element\n    return wait.until(EC.presence_of_element_located(locator))\n           ^^^^^^^^^^^^^^^^^^^^^^^^^^^^^^^^^^^^^^^^^^^^^^^^^^^\n.venv/lib/python3.13/site-packages/selenium/webdriver/support/wait.py:121: in until\n    raise TimeoutException(message, screen, stacktrace)\nE   selenium.common.exceptions.TimeoutException: Message: \nE   Stacktrace:\nE   NoSuchElementError: An element could not be located on the page using the given search parameters.\nE       at AndroidUiautomator2Driver.findElOrEls (/Users/remi/.appium/node_modules/appium-uiautomator2-driver/node_modules/appium-android-driver/build/lib/commands/find.js:62:15)\nE       at process.processTicksAndRejections (node:internal/process/task_queues:104:5)\nE       at async AndroidUiautomator2Driver.findElOrElsWithProcessing (/opt/homebrew/lib/node_modules/appium/node_modules/@appium/base-driver/build/lib/basedriver/commands/find.js:12:16)\nE       at async AndroidUiautomator2Driver.findElement (/opt/homebrew/lib/node_modules/appium/node_modules/@appium/base-driver/build/lib/basedriver/commands/find.js:27:16)"}, "description": "Verify that a user with valid credentials can log in and see the home screen.", "steps": [{"name": "Set up WireMock stub for successful login", "status": "passed", "start": 1770100574411, "stop": 1770100574417}, {"name": "Log in as 'valid_user'", "status": "broken", "statusDetails": {"message": "selenium.common.exceptions.TimeoutException: Message: \nStacktrace:\nNoSuchElementError: An element could not be located on the page using the given search parameters.\n    at AndroidUiautomator2Driver.findElOrEls (/Users/remi/.appium/node_modules/appium-uiautomator2-driver/node_modules/appium-android-driver/build/lib/commands/find.js:62:15)\n    at process.processTicksAndRejections (node:internal/process/task_queues:104:5)\n    at async AndroidUiautomator2Driver.findElOrElsWithProcessing (/opt/homebrew/lib/node_modules/appium/node_modules/@appium/base-driver/build/lib/basedriver/commands/find.js:12:16)\n    at async AndroidUiautomator2Driver.findElement (/opt/homebrew/lib/node_modules/appium/node_modules/@appium/base-driver/build/lib/basedriver/commands/find.js:27:16)\n", "trace": "  File \"/Users/remi/.openclaw/workspace/RemiTA/tests/test_login.py\", line 44, in test_successful_login\n    login_page.login(VALID_USER.username, VALID_USER.password)\n    ~~~~~~~~~~~~~~~~^^^^^^^^^^^^^^^^^^^^^^^^^^^^^^^^^^^^^^^^^^\n  File \"/Users/remi/.openclaw/workspace/RemiTA/src/pages/login_page.py\", line 36, in login\n    self.type_text(self.USERNAME_FIELD, username)\n    ~~~~~~~~~~~~~~^^^^^^^^^^^^^^^^^^^^^^^^^^^^^^^\n  File \"/Users/remi/.openclaw/workspace/RemiTA/src/pages/base_page.py\", line 51, in type_text\n    element = self.find_element(locator, timeout)\n  File \"/Users/remi/.openclaw/workspace/RemiTA/src/pages/base_page.py\", line 41, in find_element\n    return wait.until(EC.presence_of_element_located(locator))\n           ~~~~~~~~~~^^^^^^^^^^^^^^^^^^^^^^^^^^^^^^^^^^^^^^^^^\n  File \"/Users/remi/.openclaw/workspace/RemiTA/.venv/lib/python3.13/site-packages/selenium/webdriver/support/wait.py\", line 121, in until\n    raise TimeoutException(message, screen, stacktrace)\n"}, "start": 1770100574417, "stop": 1770100595029}], "attachments": [{"name": "failure_tests_test_login.py_TestLogin_test_successful_login[sdk_gphone64_arm64].png", "source": "13cac9b7-9cfd-4304-b549-c465ab38fd15-attachment.png", "type": "image/png"}], "parameters": [{"name": "device", "value": "'sdk gphone64 arm64 14 (emulator)'"}, {"name": "device_info", "value": "DeviceInfo(serial='emulator-5554', platform='android', device_name='sdk gphone64 arm64', platform_version='14', is_emulator=True, model='sdk_gphone64_arm64', manufacturer='Google', extra={})"}], "start": 1770100574411, "stop": 1770100595031, "uuid": "94e3ba50-4a53-43ef-8a76-08c7024216c6", "historyId": "feb0296f1560d99e390aabd0d90d94e4", "testCaseId": "48db3c3047f98cac4194751cb72d2c09", "fullName": "tests.test_login.TestLogin#test_successful_login", "labels": [{"name": "device", "value": "sdk_gphone64_arm64"}, {"name": "severity", "value": "critical"}, {"name": "epic", "value": "Authentication"}, {"name": "story", "value": "Successful Login"}, {"name": "feature", "value": "Login"}, {"name": "tag", "value": "regression"}, {"name": "tag", "value": "smoke"}, {"name": "parentSuite", "value": "tests"}, {"name": "suite", "value": "test_login"}, {"name": "subSuite", "value": "TestLogin"}, {"name": "host", "value": "Jeffs-Mac-mini.local"}, {"name": "thread", "value": "30957-MainThread"}, {"name": "framework", "value": "pytest"}, {"name": "language", "value": "cpython3"}, {"name": "package", "value": "tests.test_login"}], "titlePath": ["tests", "test_login.py", "TestLogin"]}